<?xml version="1.0" encoding="utf-8" standalone="no"?>
<test-results xmlns:xsi="http://www.w3.org/2001/XMLSchema-instance" xsi:noNamespaceSchemaLocation="nunit_schema_2.5.xsd" name="Pester" total="8" errors="0" failures="0" not-run="55" inconclusive="0" ignored="0" skipped="0" invalid="0" date="2026-02-08" time="14:29:27">
  <environment clr-version="4.0.30319.42000" user-domain="MINI-TONY" cwd="C:\projects\automatedlab" platform="Microsoft Windows 11 Pro|C:\WINDOWS|\Device\Harddisk0\Partition4" machine-name="MINI-TONY" nunit-version="2.5.8.0" os-version="10.0.26200" user="Tony" />
  <culture-info current-culture="en-US" current-uiculture="en-US" />
  <test-suite type="TestFixture" name="Pester" executed="True" result="Success" success="True" time="3.6903" asserts="0" description="Pester">
    <results>
      <test-suite type="TestFixture" name="C:\Program Files\WindowsPowerShell\Modules\AutomatedLabTest\5.59.0\tests\00General.tests.ps1" executed="True" result="Success" success="True" time="0.1407" asserts="0" description="C:\Program Files\WindowsPowerShell\Modules\AutomatedLabTest\5.59.0\tests\00General.tests.ps1">
        <results>
          <test-suite type="TestFixture" name="[OpenCodeLab] General" executed="True" result="Success" success="True" time="0.0569" asserts="0" description="[OpenCodeLab] General">
            <results>
              <test-suite type="TestFixture" name="[OpenCodeLab] General.Lab deployment successful" executed="True" result="Success" success="True" time="0.0542" asserts="0" description="[OpenCodeLab] General.Lab deployment successful">
                <results>
                  <test-suite type="ParameterizedTest" name="[OpenCodeLab] General.Lab deployment successful.[&lt;LabName&gt;] Should return the correct amount of machines" executed="True" result="Success" success="True" time="0.0501" asserts="0" description="[&lt;LabName&gt;] Should return the correct amount of machines">
                    <results>
                      <test-case description="[OpenCodeLab] Should return the correct amount of machines" name="[OpenCodeLab] General.Lab deployment successful.[OpenCodeLab] Should return the correct amount of machines" time="0.0501" asserts="0" success="True" result="Success" executed="True" />
                    </results>
                  </test-suite>
                </results>
              </test-suite>
            </results>
          </test-suite>
        </results>
      </test-suite>
      <test-suite type="TestFixture" name="C:\Program Files\WindowsPowerShell\Modules\AutomatedLabTest\5.59.0\tests\CaRoot.tests.ps1" executed="True" result="Success" success="True" time="0.9359" asserts="0" description="C:\Program Files\WindowsPowerShell\Modules\AutomatedLabTest\5.59.0\tests\CaRoot.tests.ps1">
        <results>
          <test-suite type="TestFixture" name="[OpenCodeLab] CaRoot" executed="True" result="Success" success="True" time="0.8731" asserts="0" description="[OpenCodeLab] CaRoot">
            <results>
              <test-suite type="TestFixture" name="[OpenCodeLab] CaRoot.Role deployment successful" executed="True" result="Success" success="True" time="0.8691" asserts="0" description="[OpenCodeLab] CaRoot.Role deployment successful">
                <results>
                  <test-case description="[CaRoot] Should return the correct amount of machines" name="[OpenCodeLab] CaRoot.Role deployment successful.[CaRoot] Should return the correct amount of machines" time="0.0142" asserts="0" success="True" result="Success" executed="True" />
                  <test-suite type="ParameterizedTest" name="[OpenCodeLab] CaRoot.Role deployment successful.[DC1] should have CertSvc running" executed="True" result="Success" success="True" time="0.2353" asserts="0" description="[DC1] should have CertSvc running">
                    <results>
                      <test-case description="[DC1] should have CertSvc running" name="[OpenCodeLab] CaRoot.Role deployment successful.[DC1] should have CertSvc running(DC1)" time="0.2353" asserts="0" success="True" result="Success" executed="True" />
                    </results>
                  </test-suite>
                  <test-suite type="ParameterizedTest" name="[OpenCodeLab] CaRoot.Role deployment successful.[DC1] Should be discoverable" executed="True" result="Success" success="True" time="0.6131" asserts="0" description="[DC1] Should be discoverable">
                    <results>
                      <test-case description="[DC1] Should be discoverable" name="[OpenCodeLab] CaRoot.Role deployment successful.[DC1] Should be discoverable(DC1)" time="0.6131" asserts="0" success="True" result="Success" executed="True" />
                    </results>
                  </test-suite>
                </results>
              </test-suite>
            </results>
          </test-suite>
        </results>
      </test-suite>
      <test-suite type="TestFixture" name="C:\Program Files\WindowsPowerShell\Modules\AutomatedLabTest\5.59.0\tests\RootDC.tests.ps1" executed="True" result="Success" success="True" time="2.0684" asserts="0" description="C:\Program Files\WindowsPowerShell\Modules\AutomatedLabTest\5.59.0\tests\RootDC.tests.ps1">
        <results>
          <test-suite type="TestFixture" name="[OpenCodeLab] DC Generic" executed="True" result="Success" success="True" time="1.5697" asserts="0" description="[OpenCodeLab] DC Generic">
            <results>
              <test-suite type="TestFixture" name="[OpenCodeLab] DC Generic.Role deployment successful" executed="True" result="Success" success="True" time="1.5634" asserts="0" description="[OpenCodeLab] DC Generic.Role deployment successful">
                <results>
                  <test-case description="[RootDC] Should return the correct amount of machines" name="[OpenCodeLab] DC Generic.Role deployment successful.[RootDC] Should return the correct amount of machines" time="0.0297" asserts="0" success="True" result="Success" executed="True" />
                  <test-suite type="ParameterizedTest" name="[OpenCodeLab] DC Generic.Role deployment successful.DC1 should have ADWS running" executed="True" result="Success" success="True" time="0.2096" asserts="0" description="DC1 should have ADWS running">
                    <results>
                      <test-case description="DC1 should have ADWS running" name="[OpenCodeLab] DC Generic.Role deployment successful.DC1 should have ADWS running(DC1)" time="0.2096" asserts="0" success="True" result="Success" executed="True" />
                    </results>
                  </test-suite>
                  <test-suite type="ParameterizedTest" name="[OpenCodeLab] DC Generic.Role deployment successful.DC1 should respond to ADWS calls" executed="True" result="Success" success="True" time="1.3207" asserts="0" description="DC1 should respond to ADWS calls">
                    <results>
                      <test-case description="DC1 should respond to ADWS calls" name="[OpenCodeLab] DC Generic.Role deployment successful.DC1 should respond to ADWS calls(DC1)" time="1.3207" asserts="0" success="True" result="Success" executed="True" />
                    </results>
                  </test-suite>
                </results>
              </test-suite>
            </results>
          </test-suite>
          <test-suite type="TestFixture" name="[OpenCodeLab] RootDC specific" executed="True" result="Success" success="True" time="2.0143" asserts="0" description="[OpenCodeLab] RootDC specific">
            <results>
              <test-suite type="ParameterizedTest" name="[OpenCodeLab] RootDC specific.DC1 should hold PDC emulator FSMO role" executed="True" result="Success" success="True" time="0.4415" asserts="0" description="DC1 should hold PDC emulator FSMO role">
                <results>
                  <test-case description="DC1 should hold PDC emulator FSMO role" name="[OpenCodeLab] RootDC specific.DC1 should hold PDC emulator FSMO role(DC1)" time="0.4415" asserts="0" success="True" result="Success" executed="True" />
                </results>
              </test-suite>
            </results>
          </test-suite>
        </results>
      </test-suite>
    </results>
  </test-suite>
</test-results>